\BOOKMARK [0][-]{chapter*.1}{Abstract}{}% 1
\BOOKMARK [0][-]{chapter.1}{Introduction}{}% 2
\BOOKMARK [1][-]{section.1.1}{Motivation}{chapter.1}% 3
\BOOKMARK [1][-]{section.1.2}{Problem Statement}{chapter.1}% 4
\BOOKMARK [1][-]{section.1.3}{Research Questions}{chapter.1}% 5
\BOOKMARK [1][-]{section.1.4}{Research Goals}{chapter.1}% 6
\BOOKMARK [1][-]{section.1.5}{Contributions}{chapter.1}% 7
\BOOKMARK [1][-]{section.1.6}{Thesis Structure}{chapter.1}% 8
\BOOKMARK [0][-]{chapter.2}{Related Work}{}% 9
\BOOKMARK [0][-]{chapter.3}{Preliminaries}{}% 10
\BOOKMARK [0][-]{chapter.4}{Method}{}% 11
\BOOKMARK [0][-]{chapter.5}{Implementation}{}% 12
\BOOKMARK [0][-]{chapter.6}{Evaluation}{}% 13
\BOOKMARK [1][-]{section.6.1}{Experimental Setup}{chapter.6}% 14
\BOOKMARK [1][-]{section.6.2}{Results}{chapter.6}% 15
\BOOKMARK [1][-]{section.6.3}{Threats to Validity}{chapter.6}% 16
\BOOKMARK [0][-]{chapter.7}{Discussion}{}% 17
\BOOKMARK [0][-]{chapter.8}{Conclusion}{}% 18
\BOOKMARK [0][-]{chapter*.3}{Bibliography}{}% 19
\BOOKMARK [0][-]{section*.4}{Appendices}{}% 20
\BOOKMARK [0][-]{appendix.1.A}{Some Appendix}{}% 21
\BOOKMARK [0][-]{appendix*.5}{Acknowledgements}{}% 22
